<?xml version="1.0" encoding="UTF-8"?>
<!-- Generated by org.testng.reporters.JUnitReportReporter -->
<testsuite skipped="0" hostname="Khanjadas-MBP.nyc.rr.com" name="browser.PokeBrowser" tests="1" failures="0" timestamp="2020-07-27T20:45:32 EDT" time="10.497" errors="0">
  <testcase name="loginPage" time="10.497" classname="browser.PokeBrowser"/>
  <system-out/>
</testsuite> <!-- browser.PokeBrowser -->
